<?xml version="1.0" encoding="UTF-8"?>
<testng-results ignored="0" total="5" passed="5" failed="0" skipped="0">
  <reporter-output>
  </reporter-output>
  <suite started-at="2021-02-08T10:27:27 IST" name="Default suite" finished-at="2021-02-08T10:27:34 IST" duration-ms="7031">
    <groups>
    </groups>
    <test started-at="2021-02-08T10:27:27 IST" name="Default test" finished-at="2021-02-08T10:27:34 IST" duration-ms="7031">
      <class name="Demo1.Launchbrowser">
        <test-method signature="launch_browser()[pri:1, instance:Demo1.Launchbrowser@43ee72e6]" started-at="2021-02-08T10:27:27 IST" name="launch_browser" finished-at="2021-02-08T10:27:32 IST" duration-ms="4766" status="PASS">
          <reporter-output>
          </reporter-output>
        </test-method> <!-- launch_browser -->
        <test-method signature="Multiplication()[pri:2, instance:Demo1.Launchbrowser@43ee72e6]" started-at="2021-02-08T10:27:32 IST" name="Multiplication" finished-at="2021-02-08T10:27:32 IST" duration-ms="516" status="PASS">
          <reporter-output>
          </reporter-output>
        </test-method> <!-- Multiplication -->
        <test-method signature="Substraction()[pri:3, instance:Demo1.Launchbrowser@43ee72e6]" started-at="2021-02-08T10:27:32 IST" name="Substraction" finished-at="2021-02-08T10:27:33 IST" duration-ms="754" status="PASS">
          <reporter-output>
          </reporter-output>
        </test-method> <!-- Substraction -->
        <test-method signature="Addition()[pri:4, instance:Demo1.Launchbrowser@43ee72e6]" started-at="2021-02-08T10:27:33 IST" name="Addition" finished-at="2021-02-08T10:27:34 IST" duration-ms="596" status="PASS">
          <reporter-output>
          </reporter-output>
        </test-method> <!-- Addition -->
        <test-method signature="Division()[pri:5, instance:Demo1.Launchbrowser@43ee72e6]" started-at="2021-02-08T10:27:34 IST" name="Division" finished-at="2021-02-08T10:27:34 IST" duration-ms="343" status="PASS">
          <reporter-output>
          </reporter-output>
        </test-method> <!-- Division -->
      </class> <!-- Demo1.Launchbrowser -->
    </test> <!-- Default test -->
  </suite> <!-- Default suite -->
</testng-results>
