<?xml version="1.0" encoding="UTF-8"?>
<!-- Generated by org.testng.reporters.JUnitXMLReporter -->
<testsuite ignored="0" hostname="DESKTOP-OE4CUV9" failures="0" tests="5" name="Default test" time="7.031" errors="0" timestamp="2021-02-08T10:27:34 IST">
  <testcase classname="Demo1.Launchbrowser" name="launch_browser" time="4.766"/>
  <testcase classname="Demo1.Launchbrowser" name="Multiplication" time="0.516"/>
  <testcase classname="Demo1.Launchbrowser" name="Substraction" time="0.754"/>
  <testcase classname="Demo1.Launchbrowser" name="Addition" time="0.596"/>
  <testcase classname="Demo1.Launchbrowser" name="Division" time="0.343"/>
</testsuite> <!-- Default test -->
